<?xml version="1.0" encoding="UTF-8"?>
<testsuite xmlns:xsi="http://www.w3.org/2001/XMLSchema-instance" xsi:noNamespaceSchemaLocation="https://maven.apache.org/surefire/maven-surefire-plugin/xsd/surefire-test-report.xsd" name="TestSuite" time="24.383" tests="4" errors="0" skipped="0" failures="2">
  <properties>
[...]
</properties>
  <testcase name="testScenarioOne" classname="lambdatest.LambdaTest" time="8.854"/>
  <testcase name="testScenarioOne" classname="lambdatest.LambdaTest" time="12.867"/>
  <testcase name="close" classname="lambdatest.LambdaTest" time="8.882">
    <failure message="Unable to find the session info for particular sessionId af77c506321f90f75cf6b08cb17df80e, maybe session has quit already or timed out.&#10;Build info: version: &apos;3.13.0&apos;, revision: &apos;2f0d292&apos;, time: &apos;2018-06-25T15:24:21.231Z&apos;&#10;System info: host: &apos;sakshinarkh-seleniumadv-mfk3448h1sz&apos;, ip: &apos;127.0.0.1&apos;, os.name: &apos;Linux&apos;, os.arch: &apos;amd64&apos;, os.version: &apos;5.15.0-43-generic&apos;, java.version: &apos;11.0.15&apos;&#10;Driver info: org.openqa.selenium.remote.RemoteWebDriver&#10;Capabilities {acceptInsecureCerts: false, browserName: msedge, browserVersion: 87.0.664.41, javascriptEnabled: true, ms:edgeOptions: {debuggerAddress: localhost:55849}, msedge: {msedgedriverVersion: 87.0.669.0 (9e7154764c4ca8c..., userDataDir: /var/folders/nl/mnqgh0js2xb...}, networkConnectionEnabled: false, pageLoadStrategy: normal, platform: MAC, platformName: MAC, proxy: Proxy(), setWindowRect: true, strictFileInteractability: false, timeouts: {implicit: 0, pageLoad: 300000, script: 30000}, unhandledPromptBehavior: dismiss and notify, webauthn:virtualAuthenticators: true, webdriver.remote.sessionid: af77c506321f90f75cf6b08cb17...}&#10;Session ID: af77c506321f90f75cf6b08cb17df80e" type="org.openqa.selenium.WebDriverException">org.openqa.selenium.WebDriverException: 
Unable to find the session info for particular sessionId af77c506321f90f75cf6b08cb17df80e, maybe session has quit already or timed out.
Build info: version: '3.13.0', revision: '2f0d292', time: '2018-06-25T15:24:21.231Z'
System info: host: 'sakshinarkh-seleniumadv-mfk3448h1sz', ip: '127.0.0.1', os.name: 'Linux', os.arch: 'amd64', os.version: '5.15.0-43-generic', java.version: '11.0.15'
Driver info: org.openqa.selenium.remote.RemoteWebDriver
Capabilities {acceptInsecureCerts: false, browserName: msedge, browserVersion: 87.0.664.41, javascriptEnabled: true, ms:edgeOptions: {debuggerAddress: localhost:55849}, msedge: {msedgedriverVersion: 87.0.669.0 (9e7154764c4ca8c..., userDataDir: /var/folders/nl/mnqgh0js2xb...}, networkConnectionEnabled: false, pageLoadStrategy: normal, platform: MAC, platformName: MAC, proxy: Proxy(), setWindowRect: true, strictFileInteractability: false, timeouts: {implicit: 0, pageLoad: 300000, script: 30000}, unhandledPromptBehavior: dismiss and notify, webauthn:virtualAuthenticators: true, webdriver.remote.sessionid: af77c506321f90f75cf6b08cb17...}
Session ID: af77c506321f90f75cf6b08cb17df80e
	at lambdatest.LambdaTest.close(LambdaTest.java:168)
</failure>
  </testcase>
  <testcase name="close" classname="lambdatest.LambdaTest" time="12.889">
    <failure message="Unable to find the session info for particular sessionId 05f716f7d50594fb9fef4c5249107c00, maybe session has quit already or timed out.&#10;Build info: version: &apos;3.13.0&apos;, revision: &apos;2f0d292&apos;, time: &apos;2018-06-25T15:24:21.231Z&apos;&#10;System info: host: &apos;sakshinarkh-seleniumadv-mfk3448h1sz&apos;, ip: &apos;127.0.0.1&apos;, os.name: &apos;Linux&apos;, os.arch: &apos;amd64&apos;, os.version: &apos;5.15.0-43-generic&apos;, java.version: &apos;11.0.15&apos;&#10;Driver info: org.openqa.selenium.remote.RemoteWebDriver&#10;Capabilities {acceptInsecureCerts: false, browserName: chrome, browserVersion: 86.0.4240.30, chrome: {chromedriverVersion: 86.0.4240.22 (398b0743353ff..., userDataDir: C:\Users\ltuser\AppData\Loc...}, goog:chromeOptions: {debuggerAddress: localhost:55412}, javascriptEnabled: true, networkConnectionEnabled: false, pageLoadStrategy: normal, platform: WINDOWS, platformName: WINDOWS, proxy: Proxy(), setWindowRect: true, strictFileInteractability: false, timeouts: {implicit: 0, pageLoad: 300000, script: 30000}, unhandledPromptBehavior: dismiss and notify, webauthn:virtualAuthenticators: true, webdriver.remote.sessionid: 05f716f7d50594fb9fef4c52491...}&#10;Session ID: 05f716f7d50594fb9fef4c5249107c00" type="org.openqa.selenium.WebDriverException">org.openqa.selenium.WebDriverException: 
Unable to find the session info for particular sessionId 05f716f7d50594fb9fef4c5249107c00, maybe session has quit already or timed out.
Build info: version: '3.13.0', revision: '2f0d292', time: '2018-06-25T15:24:21.231Z'
System info: host: 'sakshinarkh-seleniumadv-mfk3448h1sz', ip: '127.0.0.1', os.name: 'Linux', os.arch: 'amd64', os.version: '5.15.0-43-generic', java.version: '11.0.15'
Driver info: org.openqa.selenium.remote.RemoteWebDriver
Capabilities {acceptInsecureCerts: false, browserName: chrome, browserVersion: 86.0.4240.30, chrome: {chromedriverVersion: 86.0.4240.22 (398b0743353ff..., userDataDir: C:\Users\ltuser\AppData\Loc...}, goog:chromeOptions: {debuggerAddress: localhost:55412}, javascriptEnabled: true, networkConnectionEnabled: false, pageLoadStrategy: normal, platform: WINDOWS, platformName: WINDOWS, proxy: Proxy(), setWindowRect: true, strictFileInteractability: false, timeouts: {implicit: 0, pageLoad: 300000, script: 30000}, unhandledPromptBehavior: dismiss and notify, webauthn:virtualAuthenticators: true, webdriver.remote.sessionid: 05f716f7d50594fb9fef4c52491...}
Session ID: 05f716f7d50594fb9fef4c5249107c00
	at lambdatest.LambdaTest.close(LambdaTest.java:168)
</failure>
  </testcase>
</testsuite>